TN:
SF:script/deployKipubank7.s.sol
DA:18,0
FN:18,DeploySwapWrapper.run
FNDA:0,DeploySwapWrapper.run
DA:19,0
DA:31,0
DA:32,0
DA:38,0
DA:43,0
DA:52,0
DA:53,0
DA:54,0
DA:56,0
FNF:1
FNH:0
LF:10
LH:0
BRF:0
BRH:0
end_of_record
TN:
SF:script/deployKipubank8.s.sol
DA:18,0
FN:18,DeploySwapWrapper.run
FNDA:0,DeploySwapWrapper.run
DA:19,0
DA:31,0
DA:32,0
DA:40,0
DA:45,0
DA:54,0
DA:55,0
DA:56,0
DA:58,0
FNF:1
FNH:0
LF:10
LH:0
BRF:0
BRH:0
end_of_record
TN:
SF:src/kipubankv7.sol
DA:181,0
FN:181,KipuBank.validAmount
FNDA:0,KipuBank.validAmount
DA:182,0
BRDA:182,0,0,-
DA:187,0
FN:187,KipuBank.withinWithdrawalLimit
FNDA:0,KipuBank.withinWithdrawalLimit
DA:188,0
BRDA:188,1,0,-
DA:193,0
FN:193,KipuBank.sufficientBalance
FNDA:0,KipuBank.sufficientBalance
DA:194,0
BRDA:194,2,0,-
DA:199,0
FN:199,KipuBank.sufficientBalanceETH
FNDA:0,KipuBank.sufficientBalanceETH
DA:200,0
BRDA:200,3,0,-
DA:205,0
FN:205,KipuBank.sufficientBalanceUSDC
FNDA:0,KipuBank.sufficientBalanceUSDC
DA:206,0
BRDA:206,4,0,-
DA:233,0
FN:233,KipuBank.constructor
FNDA:0,KipuBank.constructor
DA:246,0
BRDA:246,5,0,-
DA:247,0
DA:250,0
DA:251,0
DA:252,0
DA:253,0
DA:254,0
DA:266,0
FN:266,KipuBank.setFeeds
FNDA:0,KipuBank.setFeeds
DA:267,0
DA:268,0
DA:275,0
FN:275,KipuBank.precioethUscd
FNDA:0,KipuBank.precioethUscd
DA:276,0
DA:284,0
FN:284,KipuBank.chainlinkFeed
FNDA:0,KipuBank.chainlinkFeed
DA:285,0
DA:287,0
BRDA:287,6,0,-
DA:288,0
BRDA:288,7,0,-
DA:291,0
DA:292,0
DA:300,0
FN:300,KipuBank.convertEthInUSD
FNDA:0,KipuBank.convertEthInUSD
DA:303,0
DA:312,0
FN:312,KipuBank.convertUsdcToEth
FNDA:0,KipuBank.convertUsdcToEth
DA:315,0
BRDA:315,8,0,-
DA:317,0
DA:318,0
BRDA:318,9,0,-
DA:320,0
DA:321,0
BRDA:321,10,0,-
DA:322,0
DA:381,0
FN:381,KipuBank.deposit
FNDA:0,KipuBank.deposit
DA:385,0
DA:386,0
BRDA:386,11,0,-
BRDA:386,11,1,-
DA:388,0
BRDA:388,12,0,-
DA:389,0
DA:390,0
BRDA:390,13,0,-
DA:407,0
DA:408,0
DA:409,0
DA:410,0
DA:411,0
DA:412,0
DA:415,0
DA:421,0
BRDA:421,14,0,-
DA:422,0
DA:423,0
DA:424,0
BRDA:424,15,0,-
DA:425,0
DA:426,0
BRDA:426,16,0,-
DA:429,0
DA:430,0
DA:431,0
DA:432,0
DA:433,0
DA:435,0
DA:443,0
FN:443,KipuBank.receive
FNDA:0,KipuBank.receive
DA:444,0
BRDA:444,17,0,-
DA:445,0
DA:446,0
BRDA:446,18,0,-
DA:447,0
DA:449,0
DA:450,0
DA:451,0
DA:452,0
DA:453,0
DA:454,0
DA:457,0
DA:465,0
FN:465,KipuBank.previewSwapToUsdcM2
FNDA:0,KipuBank.previewSwapToUsdcM2
DA:470,0
BRDA:470,19,0,-
DA:471,0
BRDA:471,20,0,-
DA:473,0
BRDA:473,21,0,-
DA:474,0
DA:476,0
DA:477,0
DA:478,0
DA:479,0
DA:480,0
DA:481,0
DA:520,0
FN:520,KipuBank.swapToUsdcGUSF
FNDA:0,KipuBank.swapToUsdcGUSF
DA:524,0
BRDA:524,22,0,-
DA:525,0
BRDA:525,23,0,-
DA:527,0
DA:529,0
BRDA:529,24,0,-
DA:530,0
DA:531,0
DA:535,0
BRDA:535,25,0,-
DA:537,0
DA:540,0
DA:541,0
DA:542,0
DA:544,0
DA:545,0
DA:546,0
DA:564,0
DA:565,0
DA:577,0
FN:577,KipuBank.withdrawETH
FNDA:0,KipuBank.withdrawETH
DA:587,0
DA:589,0
DA:590,0
DA:591,0
DA:592,0
DA:593,0
DA:594,0
DA:597,0
DA:598,0
BRDA:598,26,0,-
DA:600,0
DA:608,0
FN:608,KipuBank.withdrawUSDC
FNDA:0,KipuBank.withdrawUSDC
DA:609,0
DA:611,0
BRDA:611,27,0,-
DA:613,0
DA:623,0
FN:623,KipuBank.withdrawUSDC_CONV
FNDA:0,KipuBank.withdrawUSDC_CONV
DA:635,0
DA:636,0
DA:637,0
DA:639,0
DA:640,0
DA:641,0
DA:643,0
DA:652,0
FN:652,KipuBank.myBalanceS
FNDA:0,KipuBank.myBalanceS
DA:657,0
DA:658,0
DA:669,0
FN:669,KipuBank.availableCapacity
FNDA:0,KipuBank.availableCapacity
DA:670,0
DA:681,0
FN:681,KipuBank.bankStatistics
FNDA:0,KipuBank.bankStatistics
DA:692,0
DA:707,0
FN:707,KipuBank.transactionStatistics
FNDA:0,KipuBank.transactionStatistics
DA:717,0
FNF:22
FNH:0
LF:135
LH:0
BRF:29
BRH:0
end_of_record
TN:
SF:src/kipubankv8.sol
DA:172,0
FN:172,KipuBank.validAmount
FNDA:0,KipuBank.validAmount
DA:173,0
BRDA:173,0,0,-
DA:178,0
FN:178,KipuBank.withinWithdrawalLimit
FNDA:0,KipuBank.withinWithdrawalLimit
DA:179,0
BRDA:179,1,0,-
DA:184,0
FN:184,KipuBank.sufficientBalance
FNDA:0,KipuBank.sufficientBalance
DA:185,0
BRDA:185,2,0,-
DA:190,0
FN:190,KipuBank.sufficientBalanceETH
FNDA:0,KipuBank.sufficientBalanceETH
DA:191,0
BRDA:191,3,0,-
DA:196,0
FN:196,KipuBank.sufficientBalanceUSDC
FNDA:0,KipuBank.sufficientBalanceUSDC
DA:197,0
BRDA:197,4,0,-
DA:213,0
FN:213,KipuBank.constructor
FNDA:0,KipuBank.constructor
DA:225,0
DA:226,0
DA:227,0
DA:228,0
BRDA:228,5,0,-
DA:229,0
DA:232,0
DA:233,0
DA:234,0
DA:235,0
DA:236,0
DA:244,0
FN:244,KipuBank.setFeeds
FNDA:0,KipuBank.setFeeds
DA:245,0
DA:246,0
DA:253,0
FN:253,KipuBank.precioethUscd
FNDA:0,KipuBank.precioethUscd
DA:254,0
DA:262,0
FN:262,KipuBank.chainlinkFeed
FNDA:0,KipuBank.chainlinkFeed
DA:263,0
DA:265,0
BRDA:265,6,0,-
DA:266,0
DA:274,0
FN:274,KipuBank.convertEthInUSD
FNDA:0,KipuBank.convertEthInUSD
DA:277,0
BRDA:277,7,0,-
DA:279,0
DA:282,0
DA:284,0
BRDA:284,8,0,-
DA:285,0
DA:294,0
FN:294,KipuBank.convertUsdcToEth
FNDA:0,KipuBank.convertUsdcToEth
DA:297,0
BRDA:297,9,0,-
DA:299,0
DA:300,0
BRDA:300,10,0,-
DA:303,0
DA:305,0
BRDA:305,11,0,-
DA:306,0
DA:364,0
FN:364,KipuBank.deposit
FNDA:0,KipuBank.deposit
DA:368,0
DA:369,0
BRDA:369,12,0,-
BRDA:369,12,1,-
DA:371,0
BRDA:371,13,0,-
DA:372,0
DA:373,0
BRDA:373,14,0,-
DA:385,0
DA:386,0
DA:387,0
DA:388,0
DA:389,0
DA:390,0
DA:393,0
DA:399,0
BRDA:399,15,0,-
DA:400,0
DA:401,0
DA:402,0
BRDA:402,16,0,-
DA:403,0
DA:404,0
BRDA:404,17,0,-
DA:407,0
DA:408,0
DA:409,0
DA:410,0
DA:411,0
DA:413,0
DA:421,0
FN:421,KipuBank.receive
FNDA:0,KipuBank.receive
DA:422,0
BRDA:422,18,0,-
DA:423,0
DA:424,0
BRDA:424,19,0,-
DA:425,0
DA:427,0
DA:428,0
DA:429,0
DA:430,0
DA:431,0
DA:432,0
DA:435,0
DA:444,0
FN:444,KipuBank.previewSwapToUsdcM2
FNDA:0,KipuBank.previewSwapToUsdcM2
DA:448,0
BRDA:448,20,0,-
DA:449,0
BRDA:449,21,0,-
DA:451,0
BRDA:451,22,0,-
DA:452,0
DA:455,0
DA:458,0
BRDA:458,23,0,-
BRDA:458,23,1,-
DA:459,0
DA:460,0
DA:461,0
DA:464,0
DA:465,0
DA:466,0
DA:467,0
DA:470,0
DA:471,0
DA:509,0
FN:509,KipuBank.swapToUsdcGUSF
FNDA:0,KipuBank.swapToUsdcGUSF
DA:514,0
BRDA:514,24,0,-
DA:515,0
BRDA:515,25,0,-
DA:517,0
DA:520,0
BRDA:520,26,0,-
DA:521,0
DA:522,0
DA:526,0
DA:528,0
DA:529,0
BRDA:529,27,0,-
BRDA:529,27,1,-
DA:530,0
DA:531,0
DA:532,0
DA:534,0
DA:535,0
DA:536,0
DA:537,0
DA:540,0
DA:548,0
DA:551,0
DA:553,0
DA:554,0
DA:557,0
FN:557,KipuBank._updateBalances
FNDA:0,KipuBank._updateBalances
DA:558,0
BRDA:558,28,0,-
DA:560,0
DA:561,0
BRDA:561,29,0,-
DA:562,0
DA:565,0
DA:567,0
DA:568,0
DA:569,0
DA:570,0
DA:571,0
DA:580,0
FN:580,KipuBank.withdrawETH
FNDA:0,KipuBank.withdrawETH
DA:589,0
DA:591,0
DA:592,0
DA:593,0
DA:594,0
DA:595,0
DA:596,0
DA:599,0
DA:600,0
BRDA:600,30,0,-
DA:602,0
DA:610,0
FN:610,KipuBank.withdrawUSDC
FNDA:0,KipuBank.withdrawUSDC
DA:611,0
DA:613,0
BRDA:613,31,0,-
DA:615,0
DA:625,0
FN:625,KipuBank.withdrawUSDC_CONV
FNDA:0,KipuBank.withdrawUSDC_CONV
DA:636,0
DA:637,0
DA:638,0
DA:640,0
DA:641,0
DA:642,0
DA:644,0
DA:653,0
FN:653,KipuBank.myBalanceS
FNDA:0,KipuBank.myBalanceS
DA:658,0
DA:659,0
DA:666,0
FN:666,KipuBank.availableCapacity
FNDA:0,KipuBank.availableCapacity
DA:667,0
DA:678,0
FN:678,KipuBank.bankStatistics
FNDA:0,KipuBank.bankStatistics
DA:689,0
DA:704,0
FN:704,KipuBank.transactionStatistics
FNDA:0,KipuBank.transactionStatistics
DA:714,0
FNF:23
FNH:0
LF:161
LH:0
BRF:35
BRH:0
end_of_record
TN:
SF:test/KipuBank.t.sol
DA:11,0
FN:11,MockUSDC.mint
FNDA:0,MockUSDC.mint
DA:12,0
DA:15,0
FN:15,MockUSDC.transfer
FNDA:0,MockUSDC.transfer
DA:16,0
BRDA:16,0,0,-
BRDA:16,0,1,-
DA:17,0
DA:18,0
DA:19,0
DA:22,0
FN:22,MockUSDC.transferFrom
FNDA:0,MockUSDC.transferFrom
DA:23,0
BRDA:23,1,0,-
BRDA:23,1,1,-
DA:24,0
DA:25,0
DA:26,0
DA:29,0
FN:29,MockUSDC.approve
FNDA:0,MockUSDC.approve
DA:30,0
DA:35,0
FN:35,MockRouter.getAmountsOut
FNDA:0,MockRouter.getAmountsOut
DA:40,0
DA:41,0
DA:43,0
DA:44,0
DA:47,0
FN:47,MockRouter.swapExactTokensForTokens
FNDA:0,MockRouter.swapExactTokensForTokens
DA:54,0
DA:55,0
DA:56,0
DA:57,0
DA:60,0
FN:60,MockRouter.factory
FNDA:0,MockRouter.factory
DA:61,0
DA:64,0
FN:64,MockRouter.WETH
FNDA:0,MockRouter.WETH
DA:65,0
FNF:8
FNH:0
LF:28
LH:0
BRF:4
BRH:0
end_of_record
