TN:
SF:script/deployKipubank.s.sol
DA:23,0
FN:23,DeploySwapWrapper.run
FNDA:0,DeploySwapWrapper.run
DA:25,0
DA:26,0
DA:29,0
DA:30,0
DA:33,0
DA:34,0
DA:41,0
DA:43,0
FNF:1
FNH:0
LF:9
LH:0
BRF:0
BRH:0
end_of_record
TN:
SF:src/KipuBank.sol
DA:160,2
FN:160,KipuBank.validAmount
FNDA:2,KipuBank.validAmount
DA:161,2
BRDA:161,0,0,-
DA:169,2
FN:169,KipuBank.withinWithdrawalLimit
FNDA:2,KipuBank.withinWithdrawalLimit
DA:170,2
BRDA:170,1,0,1
DA:179,1
FN:179,KipuBank.sufficientBalance
FNDA:1,KipuBank.sufficientBalance
DA:180,1
BRDA:180,2,0,-
DA:189,1
FN:189,KipuBank.sufficientBalanceETH
FNDA:1,KipuBank.sufficientBalanceETH
DA:190,1
BRDA:190,3,0,-
DA:199,4
FN:199,KipuBank.sufficientBalanceUSDC
FNDA:4,KipuBank.sufficientBalanceUSDC
DA:200,4
BRDA:200,4,0,1
DA:213,28
FN:213,KipuBank.constructor
FNDA:28,KipuBank.constructor
DA:221,28
DA:222,28
DA:223,28
DA:224,0
BRDA:224,5,0,-
DA:226,28
DA:227,28
DA:228,28
DA:229,28
DA:230,28
DA:231,28
DA:239,2
FN:239,KipuBank.setWETH
FNDA:2,KipuBank.setWETH
DA:240,1
DA:241,1
DA:249,1
FN:249,KipuBank.chainlinkFeed
FNDA:1,KipuBank.chainlinkFeed
DA:250,1
DA:252,1
BRDA:252,6,0,-
DA:253,0
DA:262,2
FN:262,KipuBank.convertEthInUSD
FNDA:2,KipuBank.convertEthInUSD
DA:265,2
BRDA:265,7,0,1
DA:267,1
DA:268,1
DA:270,1
BRDA:270,8,0,-
DA:271,1
DA:280,2
FN:280,KipuBank.convertUsdcToEth
FNDA:2,KipuBank.convertUsdcToEth
DA:283,15
BRDA:283,9,0,2
DA:285,13
DA:286,13
BRDA:286,10,0,-
DA:288,13
DA:290,13
BRDA:290,11,0,-
DA:291,13
DA:301,13
FN:301,KipuBank.deposit
FNDA:13,KipuBank.deposit
DA:302,13
DA:303,13
DA:304,13
DA:306,13
BRDA:306,12,0,4
BRDA:306,12,1,8
DA:307,4
BRDA:307,13,0,-
DA:309,4
DA:310,1
BRDA:310,14,0,1
DA:313,3
DA:314,3
DA:315,3
DA:316,3
DA:318,3
DA:319,3
DA:322,3
DA:324,9
BRDA:324,15,0,-
DA:325,9
DA:327,8
DA:328,0
BRDA:328,16,0,-
DA:330,8
DA:331,8
BRDA:331,17,0,-
DA:334,8
DA:335,8
DA:336,8
DA:338,8
DA:339,8
DA:341,8
DA:349,1
FN:349,KipuBank.receive
FNDA:1,KipuBank.receive
DA:350,1
BRDA:350,18,0,-
DA:352,1
DA:353,1
DA:355,1
DA:356,0
BRDA:356,19,0,-
DA:358,1
DA:360,1
DA:361,1
DA:362,1
DA:363,1
DA:365,1
DA:366,1
DA:369,1
DA:379,4
FN:379,KipuBank.previewSwapToUsdcM2
FNDA:4,KipuBank.previewSwapToUsdcM2
DA:383,19
BRDA:383,20,0,-
DA:384,19
BRDA:384,21,0,-
DA:386,19
BRDA:386,22,0,1
DA:387,1
DA:390,18
DA:392,18
BRDA:392,23,0,-
BRDA:392,23,1,18
DA:393,0
DA:394,0
DA:395,0
DA:397,18
DA:398,18
DA:399,18
DA:400,18
DA:403,18
DA:404,18
DA:416,2
FN:416,KipuBank.swapToUsdcGUSF
FNDA:2,KipuBank.swapToUsdcGUSF
DA:421,2
BRDA:421,24,0,1
DA:422,1
BRDA:422,25,0,1
DA:424,0
DA:427,0
BRDA:427,26,0,-
DA:428,0
DA:429,0
DA:433,0
DA:435,0
DA:436,0
BRDA:436,27,0,-
BRDA:436,27,1,-
DA:437,0
DA:438,0
DA:439,0
DA:441,0
DA:442,0
DA:443,0
DA:444,0
DA:447,0
DA:455,0
DA:458,0
DA:460,0
DA:461,0
DA:470,0
FN:470,KipuBank._updateBalances
FNDA:0,KipuBank._updateBalances
DA:471,0
BRDA:471,28,0,-
DA:473,0
DA:474,0
DA:475,0
DA:477,0
BRDA:477,29,0,-
DA:478,0
DA:481,0
DA:483,0
DA:484,0
DA:485,0
DA:487,0
DA:488,0
DA:497,2
FN:497,KipuBank.withdrawETH
FNDA:2,KipuBank.withdrawETH
DA:506,1
DA:507,1
DA:508,1
DA:509,1
DA:512,1
DA:513,1
DA:514,1
DA:515,1
DA:517,1
DA:518,1
DA:521,1
DA:522,1
BRDA:522,30,0,-
DA:524,1
DA:532,4
FN:532,KipuBank.withdrawUSDC
FNDA:4,KipuBank.withdrawUSDC
DA:533,4
DA:535,4
BRDA:535,31,0,-
DA:537,3
DA:546,4
FN:546,KipuBank.withdrawUSDC_CONV
FNDA:4,KipuBank.withdrawUSDC_CONV
DA:556,3
DA:557,3
DA:560,3
DA:561,3
DA:562,3
DA:565,3
DA:566,3
DA:567,3
DA:569,3
DA:577,9
FN:577,KipuBank.myBalanceS
FNDA:9,KipuBank.myBalanceS
DA:580,9
DA:587,3
FN:587,KipuBank.availableCapacity
FNDA:3,KipuBank.availableCapacity
DA:588,3
DA:599,1
FN:599,KipuBank.bankStatistics
FNDA:1,KipuBank.bankStatistics
DA:610,1
DA:625,1
FN:625,KipuBank.transactionStatistics
FNDA:1,KipuBank.transactionStatistics
DA:635,1
FNF:22
FNH:21
LF:169
LH:130
BRF:35
BRH:11
end_of_record
TN:
SF:test/KipuBankTest.t.sol
DA:20,85
FN:20,MockUSDC.mint
FNDA:85,MockUSDC.mint
DA:21,85
DA:30,3
FN:30,MockUSDC.transfer
FNDA:3,MockUSDC.transfer
DA:31,3
BRDA:31,0,0,-
BRDA:31,0,1,3
DA:32,3
DA:33,3
DA:34,3
DA:44,8
FN:44,MockUSDC.transferFrom
FNDA:8,MockUSDC.transferFrom
DA:45,8
BRDA:45,1,0,-
BRDA:45,1,1,8
DA:46,8
BRDA:46,2,0,-
BRDA:46,2,1,8
DA:48,8
DA:49,8
DA:50,8
DA:51,8
DA:60,9
FN:60,MockUSDC.approve
FNDA:9,MockUSDC.approve
DA:61,9
DA:62,9
DA:77,18
FN:77,MockRouter.getAmountsOut
FNDA:18,MockRouter.getAmountsOut
DA:82,18
DA:83,18
DA:85,18
BRDA:85,3,0,-
BRDA:85,3,1,18
DA:86,0
DA:87,18
BRDA:87,4,0,18
DA:88,18
DA:89,18
DA:91,0
DA:103,0
FN:103,MockRouter.swapExactTokensForTokens
FNDA:0,MockRouter.swapExactTokensForTokens
DA:110,0
BRDA:110,5,0,-
BRDA:110,5,1,-
DA:112,0
DA:113,0
DA:116,0
DA:117,0
BRDA:117,6,0,-
BRDA:117,6,1,-
DA:119,0
BRDA:119,7,0,-
BRDA:119,7,1,-
DA:120,0
DA:121,0
BRDA:121,8,0,-
DA:122,0
DA:123,0
DA:126,0
DA:133,0
FN:133,MockRouter.factory
FNDA:0,MockRouter.factory
DA:134,0
DA:141,29
FN:141,MockRouter.WETH
FNDA:29,MockRouter.WETH
DA:142,29
FNF:8
FNH:6
LF:42
LH:26
BRF:16
BRH:5
end_of_record
